<?xml version="1.0" encoding="UTF-8"?>
<!-- Generated by org.testng.reporters.JUnitReportReporter -->
<testsuite hostname="DESKTOP-O7UM0M3" failures="0" tests="4" name="Testscripts.Excel" time="0.037" errors="0" timestamp="14 Jan 2024 22:50:15 GMT" skipped="0">
  <testcase classname="Testscripts.Excel" name="ReadData" time="0.007"/>
  <testcase classname="Testscripts.Excel" name="ReadData" time="0.013"/>
  <testcase classname="Testscripts.Excel" name="ReadData" time="0.009"/>
  <testcase classname="Testscripts.Excel" name="ReadData" time="0.008"/>
</testsuite> <!-- Testscripts.Excel -->
